\BOOKMARK [1][-]{section.1}{\376\377\000S\000u\000m\000m\000a\000r\000y\000\040\000o\000f\000\040\000F\000i\000n\000d\000i\000n\000g\000s}{}% 1
\BOOKMARK [1][-]{section.2}{\376\377\000I\000P\000\040\000A\000d\000d\000r\000e\000s\000s\000e\000s\000\040\000f\000o\000u\000n\000d}{}% 2
\BOOKMARK [1][-]{section.3}{\376\377\000D\000o\000m\000a\000i\000n\000\040\000f\000o\000u\000n\000d}{}% 3
\BOOKMARK [1][-]{section.4}{\376\377\000U\000R\000L\000s\000\040\000f\000o\000u\000n\000d}{}% 4
\BOOKMARK [1][-]{section.5}{\376\377\000E\000m\000a\000i\000l\000s\000\040\000f\000o\000u\000n\000d}{}% 5
\BOOKMARK [1][-]{section.6}{\376\377\000R\000e\000s\000o\000l\000v\000e\000d\000\040\000H\000o\000s\000t\000s}{}% 6
\BOOKMARK [1][-]{section.7}{\376\377\000S\000e\000r\000v\000e\000r\000\040\000M\000a\000i\000l\000\040\000f\000o\000u\000n\000d}{}% 7
\BOOKMARK [1][-]{section.8}{\376\377\000P\000i\000e\000\040\000C\000h\000a\000r\000t\000\040\000o\000f\000\040\000V\000u\000l\000n\000e\000r\000a\000b\000i\000l\000i\000t\000i\000e\000s}{}% 8
\BOOKMARK [1][-]{section.9}{\376\377\000V\000u\000l\000n\000e\000r\000a\000b\000i\000l\000i\000t\000y\000\040\000S\000u\000m\000m\000a\000r\000y\000\040\000p\000e\000r\000\040\000I\000P}{}% 9
\BOOKMARK [1][-]{section.10}{\376\377\000S\000h\000o\000d\000a\000n\000\040\000R\000e\000s\000u\000l\000t\000s\000\040\000f\000o\000r\000\040\000I\000P\000\040\000A\000d\000d\000r\000e\000s\000s\000e\000s}{}% 10
\BOOKMARK [2][-]{subsection.10.1}{\376\377\000I\000P\000\040\000A\000d\000d\000r\000e\000s\000s\000:\000\040\0007\0009\000.\0001\0002\0005\000.\0006\0001\000.\0002\0001\0003}{section.10}% 11
\BOOKMARK [2][-]{subsection.10.2}{\376\377\000I\000P\000\040\000A\000d\000d\000r\000e\000s\000s\000:\000\040\0001\0000\0009\000.\0006\0008\000.\0002\0006\000.\0009\0007}{section.10}% 12
\BOOKMARK [2][-]{subsection.10.3}{\376\377\000I\000P\000\040\000A\000d\000d\000r\000e\000s\000s\000:\000\040\0001\0005\0001\000.\0001\0001\000.\0002\0005\0001\000.\0001\0000\0008}{section.10}% 13
\BOOKMARK [2][-]{subsection.10.4}{\376\377\000I\000P\000\040\000A\000d\000d\000r\000e\000s\000s\000:\000\040\0005\0002\000.\0002\0001\0000\000.\0002\0003\0000\000.\0001\0006\0001}{section.10}% 14
\BOOKMARK [2][-]{subsection.10.5}{\376\377\000I\000P\000\040\000A\000d\000d\000r\000e\000s\000s\000:\000\040\0003\0005\000.\0002\0003\0003\000.\0008\0006\000.\0003\0000}{section.10}% 15
\BOOKMARK [2][-]{subsection.10.6}{\376\377\000I\000P\000\040\000A\000d\000d\000r\000e\000s\000s\000:\000\040\0005\0004\000.\0007\0002\000.\0003\0004\000.\0002\0005\0000}{section.10}% 16
\BOOKMARK [2][-]{subsection.10.7}{\376\377\000I\000P\000\040\000A\000d\000d\000r\000e\000s\000s\000:\000\040\0005\0002\000.\0002\0001\0003\000.\0002\0000\0001\000.\0001\0009\0008}{section.10}% 17
\BOOKMARK [2][-]{subsection.10.8}{\376\377\000I\000P\000\040\000A\000d\000d\000r\000e\000s\000s\000:\000\040\0001\0005\0001\000.\0001\0001\000.\0002\0005\0001\000.\0001\0001\0005}{section.10}% 18
\BOOKMARK [2][-]{subsection.10.9}{\376\377\000I\000P\000\040\000A\000d\000d\000r\000e\000s\000s\000:\000\040\0001\0005\0001\000.\0001\0000\0001\000.\0001\0003\0001\000.\0001\0000}{section.10}% 19
\BOOKMARK [2][-]{subsection.10.10}{\376\377\000I\000P\000\040\000A\000d\000d\000r\000e\000s\000s\000:\000\040\0003\0004\000.\0002\0005\0000\000.\0001\0000\0005\000.\0001\0009\0007}{section.10}% 20
\BOOKMARK [2][-]{subsection.10.11}{\376\377\000I\000P\000\040\000A\000d\000d\000r\000e\000s\000s\000:\000\040\0001\0000\0009\000.\0006\0008\000.\0002\0004\000.\0002\0001\0009}{section.10}% 21
\BOOKMARK [2][-]{subsection.10.12}{\376\377\000I\000P\000\040\000A\000d\000d\000r\000e\000s\000s\000:\000\040\0001\0005\0001\000.\0001\0000\0001\000.\0003\000.\0001\0000}{section.10}% 22
\BOOKMARK [2][-]{subsection.10.13}{\376\377\000I\000P\000\040\000A\000d\000d\000r\000e\000s\000s\000:\000\040\0005\0002\000.\0004\0009\000.\0003\000.\0001\0002\0008}{section.10}% 23
\BOOKMARK [2][-]{subsection.10.14}{\376\377\000I\000P\000\040\000A\000d\000d\000r\000e\000s\000s\000:\000\040\0009\0009\000.\0008\0000\000.\0006\000.\0003\0009}{section.10}% 24
\BOOKMARK [2][-]{subsection.10.15}{\376\377\000I\000P\000\040\000A\000d\000d\000r\000e\000s\000s\000:\000\040\0005\0002\000.\0001\0008\000.\0002\0004\0000\000.\0002\0000\0001}{section.10}% 25
\BOOKMARK [2][-]{subsection.10.16}{\376\377\000I\000P\000\040\000A\000d\000d\000r\000e\000s\000s\000:\000\040\0003\0004\000.\0002\0004\0002\000.\0001\0004\0009\000.\0009\0000}{section.10}% 26
\BOOKMARK [2][-]{subsection.10.17}{\376\377\000I\000P\000\040\000A\000d\000d\000r\000e\000s\000s\000:\000\040\0005\0002\000.\0001\0006\000.\0001\0003\0007\000.\0002\0003\0008}{section.10}% 27
\BOOKMARK [2][-]{subsection.10.18}{\376\377\000I\000P\000\040\000A\000d\000d\000r\000e\000s\000s\000:\000\040\0001\0001\0006\000.\0002\0000\0003\000.\0003\0002\000.\0005\0002}{section.10}% 28
\BOOKMARK [2][-]{subsection.10.19}{\376\377\000I\000P\000\040\000A\000d\000d\000r\000e\000s\000s\000:\000\040\0005\0002\000.\0001\0000\0001\000.\0006\0008\000.\0002\0005}{section.10}% 29
\BOOKMARK [2][-]{subsection.10.20}{\376\377\000I\000P\000\040\000A\000d\000d\000r\000e\000s\000s\000:\000\040\0005\0002\000.\0005\0000\000.\0008\0008\000.\0001\0006\0001}{section.10}% 30
\BOOKMARK [2][-]{subsection.10.21}{\376\377\000I\000P\000\040\000A\000d\000d\000r\000e\000s\000s\000:\000\040\0005\0004\000.\0002\0002\0000\000.\0001\0008\0007\000.\0001\0008\0002}{section.10}% 31
\BOOKMARK [2][-]{subsection.10.22}{\376\377\000I\000P\000\040\000A\000d\000d\000r\000e\000s\000s\000:\000\040\0004\0006\000.\0005\0001\000.\0002\0000\0007\000.\0001\0003\0008}{section.10}% 32
\BOOKMARK [2][-]{subsection.10.23}{\376\377\000I\000P\000\040\000A\000d\000d\000r\000e\000s\000s\000:\000\040\0005\0002\000.\0003\0001\000.\0002\0000\0008\000.\0001\0002\0004}{section.10}% 33
\BOOKMARK [2][-]{subsection.10.24}{\376\377\000I\000P\000\040\000A\000d\000d\000r\000e\000s\000s\000:\000\040\0006\0003\000.\0001\0004\0000\000.\0006\0002\000.\0002\0002\0002}{section.10}% 34
\BOOKMARK [2][-]{subsection.10.25}{\376\377\000I\000P\000\040\000A\000d\000d\000r\000e\000s\000s\000:\000\040\0001\0008\0005\000.\0001\0002\0007\000.\0001\0003\0004\000.\0009\0007}{section.10}% 35
\BOOKMARK [2][-]{subsection.10.26}{\376\377\000I\000P\000\040\000A\000d\000d\000r\000e\000s\000s\000:\000\040\0003\000.\0002\0004\0008\000.\0001\0003\0004\000.\0002\0004\0001}{section.10}% 36
\BOOKMARK [2][-]{subsection.10.27}{\376\377\000I\000P\000\040\000A\000d\000d\000r\000e\000s\000s\000:\000\040\0005\0002\000.\0001\0000\0001\000.\0006\0008\000.\0003}{section.10}% 37
\BOOKMARK [2][-]{subsection.10.28}{\376\377\000I\000P\000\040\000A\000d\000d\000r\000e\000s\000s\000:\000\040\0002\0001\0002\000.\0003\0005\000.\0002\0001\0007\000.\0001\0009\0007}{section.10}% 38
\BOOKMARK [2][-]{subsection.10.29}{\376\377\000I\000P\000\040\000A\000d\000d\000r\000e\000s\000s\000:\000\040\0005\0002\000.\0005\0001\000.\0002\0003\0008\000.\0002\0002\0006}{section.10}% 39
\BOOKMARK [2][-]{subsection.10.30}{\376\377\000I\000P\000\040\000A\000d\000d\000r\000e\000s\000s\000:\000\040\0005\0002\000.\0002\0001\0001\000.\0009\000.\0002\0000\0007}{section.10}% 40
\BOOKMARK [2][-]{subsection.10.31}{\376\377\000I\000P\000\040\000A\000d\000d\000r\000e\000s\000s\000:\000\040\0005\0004\000.\0001\0007\0000\000.\0001\0000\0000\000.\0001\0000\0007}{section.10}% 41
\BOOKMARK [2][-]{subsection.10.32}{\376\377\000I\000P\000\040\000A\000d\000d\000r\000e\000s\000s\000:\000\040\0001\0005\0001\000.\0001\0000\0001\000.\0001\0009\0005\000.\0001\0000}{section.10}% 42
\BOOKMARK [2][-]{subsection.10.33}{\376\377\000I\000P\000\040\000A\000d\000d\000r\000e\000s\000s\000:\000\040\0002\0001\0003\000.\0001\0007\0001\000.\0001\0006\0006\000.\0008\0008}{section.10}% 43
\BOOKMARK [2][-]{subsection.10.34}{\376\377\000I\000P\000\040\000A\000d\000d\000r\000e\000s\000s\000:\000\040\0005\0002\000.\0002\0001\0003\000.\0001\0002\0005\000.\0001\0000\0000}{section.10}% 44
\BOOKMARK [2][-]{subsection.10.35}{\376\377\000I\000P\000\040\000A\000d\000d\000r\000e\000s\000s\000:\000\040\0005\0002\000.\0002\0001\0000\000.\0001\0002\0007\000.\0002\0000\0005}{section.10}% 45
\BOOKMARK [2][-]{subsection.10.36}{\376\377\000I\000P\000\040\000A\000d\000d\000r\000e\000s\000s\000:\000\040\0005\0004\000.\0001\0009\0004\000.\0004\0002\000.\0001\0006\0005}{section.10}% 46
\BOOKMARK [2][-]{subsection.10.37}{\376\377\000I\000P\000\040\000A\000d\000d\000r\000e\000s\000s\000:\000\040\0001\0004\0006\000.\0007\0005\000.\0005\0005\000.\0001\0000}{section.10}% 47
\BOOKMARK [2][-]{subsection.10.38}{\376\377\000I\000P\000\040\000A\000d\000d\000r\000e\000s\000s\000:\000\040\0008\0000\000.\0002\0001\0001\000.\0006\0002\000.\0001\0000\0004}{section.10}% 48
\BOOKMARK [2][-]{subsection.10.39}{\376\377\000I\000P\000\040\000A\000d\000d\000r\000e\000s\000s\000:\000\040\0003\0004\000.\0002\0004\0007\000.\0002\0002\0003\000.\0002\0004\0003}{section.10}% 49
\BOOKMARK [2][-]{subsection.10.40}{\376\377\000I\000P\000\040\000A\000d\000d\000r\000e\000s\000s\000:\000\040\0003\0004\000.\0002\0005\0004\000.\0001\0006\000.\0001\0006\0003}{section.10}% 50
\BOOKMARK [2][-]{subsection.10.41}{\376\377\000I\000P\000\040\000A\000d\000d\000r\000e\000s\000s\000:\000\040\0006\0003\000.\0003\0002\000.\0007\000.\0007}{section.10}% 51
\BOOKMARK [2][-]{subsection.10.42}{\376\377\000I\000P\000\040\000A\000d\000d\000r\000e\000s\000s\000:\000\040\0002\0001\0007\000.\0002\0009\000.\0001\0006\0000\000.\0003\0001}{section.10}% 52
\BOOKMARK [2][-]{subsection.10.43}{\376\377\000I\000P\000\040\000A\000d\000d\000r\000e\000s\000s\000:\000\040\0001\0009\0003\000.\0002\0004\0000\000.\0002\0001\0001\000.\0001\0000\0009}{section.10}% 53
\BOOKMARK [2][-]{subsection.10.44}{\376\377\000I\000P\000\040\000A\000d\000d\000r\000e\000s\000s\000:\000\040\0005\0004\000.\0001\0007\0001\000.\0002\0009\000.\0001\0007\0005}{section.10}% 54
\BOOKMARK [2][-]{subsection.10.45}{\376\377\000I\000P\000\040\000A\000d\000d\000r\000e\000s\000s\000:\000\040\0005\0004\000.\0007\0006\000.\0008\0008\000.\0002\0001\0000}{section.10}% 55
\BOOKMARK [2][-]{subsection.10.46}{\376\377\000I\000P\000\040\000A\000d\000d\000r\000e\000s\000s\000:\000\040\0005\0002\000.\0001\0000\0001\000.\0006\0008\000.\0001\0008}{section.10}% 56
\BOOKMARK [2][-]{subsection.10.47}{\376\377\000I\000P\000\040\000A\000d\000d\000r\000e\000s\000s\000:\000\040\0001\0005\0009\000.\0006\0005\000.\0001\0001\0003\000.\0002\0000\0005}{section.10}% 57
\BOOKMARK [2][-]{subsection.10.48}{\376\377\000I\000P\000\040\000A\000d\000d\000r\000e\000s\000s\000:\000\040\0005\0002\000.\0002\0001\0001\000.\0003\0007\000.\0001\0003\0008}{section.10}% 58
\BOOKMARK [2][-]{subsection.10.49}{\376\377\000I\000P\000\040\000A\000d\000d\000r\000e\000s\000s\000:\000\040\0005\0002\000.\0005\0000\000.\0008\0004\000.\0001\0005\0009}{section.10}% 59
\BOOKMARK [2][-]{subsection.10.50}{\376\377\000I\000P\000\040\000A\000d\000d\000r\000e\000s\000s\000:\000\040\0003\0004\000.\0002\0004\0000\000.\0007\0001\000.\0001\0006\0005}{section.10}% 60
\BOOKMARK [2][-]{subsection.10.51}{\376\377\000I\000P\000\040\000A\000d\000d\000r\000e\000s\000s\000:\000\040\0001\0005\0001\000.\0001\0000\0001\000.\0006\0007\000.\0001\0000}{section.10}% 61
\BOOKMARK [2][-]{subsection.10.52}{\376\377\000I\000P\000\040\000A\000d\000d\000r\000e\000s\000s\000:\000\040\0006\0003\000.\0003\0003\000.\0003\0004\000.\0002\0002\0006}{section.10}% 62
\BOOKMARK [2][-]{subsection.10.53}{\376\377\000I\000P\000\040\000A\000d\000d\000r\000e\000s\000s\000:\000\040\0001\0000\0009\000.\0006\0008\000.\0002\0006\000.\0008\0006}{section.10}% 63
\BOOKMARK [2][-]{subsection.10.54}{\376\377\000I\000P\000\040\000A\000d\000d\000r\000e\000s\000s\000:\000\040\0003\0004\000.\0002\0005\0002\000.\0002\0000\0001\000.\0002\0000\0001}{section.10}% 64
\BOOKMARK [2][-]{subsection.10.55}{\376\377\000I\000P\000\040\000A\000d\000d\000r\000e\000s\000s\000:\000\040\0005\0002\000.\0004\0008\000.\0002\0000\0001\000.\0003\0000}{section.10}% 65
\BOOKMARK [2][-]{subsection.10.56}{\376\377\000I\000P\000\040\000A\000d\000d\000r\000e\000s\000s\000:\000\040\0005\0002\000.\0001\0008\000.\0000\000.\0006\0004}{section.10}% 66
\BOOKMARK [2][-]{subsection.10.57}{\376\377\000I\000P\000\040\000A\000d\000d\000r\000e\000s\000s\000:\000\040\0006\0003\000.\0003\0002\000.\0001\0006\0000\000.\0001\0002\0001}{section.10}% 67
\BOOKMARK [2][-]{subsection.10.58}{\376\377\000I\000P\000\040\000A\000d\000d\000r\000e\000s\000s\000:\000\040\0005\0002\000.\0002\0001\0000\000.\0002\0002\0001\000.\0001\0002\0005}{section.10}% 68
\BOOKMARK [2][-]{subsection.10.59}{\376\377\000I\000P\000\040\000A\000d\000d\000r\000e\000s\000s\000:\000\040\0005\0002\000.\0001\0000\0001\000.\0006\0008\000.\0002\0007}{section.10}% 69
\BOOKMARK [2][-]{subsection.10.60}{\376\377\000I\000P\000\040\000A\000d\000d\000r\000e\000s\000s\000:\000\040\0005\0004\000.\0002\0002\0000\000.\0001\0008\0006\000.\0007}{section.10}% 70
\BOOKMARK [2][-]{subsection.10.61}{\376\377\000I\000P\000\040\000A\000d\000d\000r\000e\000s\000s\000:\000\040\0003\0004\000.\0002\0005\0000\000.\0001\0002\0009\000.\0002\0001\0000}{section.10}% 71
\BOOKMARK [2][-]{subsection.10.62}{\376\377\000I\000P\000\040\000A\000d\000d\000r\000e\000s\000s\000:\000\040\0003\0005\000.\0001\0005\0002\000.\0007\0001\000.\0009\0006}{section.10}% 72
\BOOKMARK [2][-]{subsection.10.63}{\376\377\000I\000P\000\040\000A\000d\000d\000r\000e\000s\000s\000:\000\040\0005\0002\000.\0002\0001\0000\000.\0006\0009\000.\0006\0001}{section.10}% 73
\BOOKMARK [2][-]{subsection.10.64}{\376\377\000I\000P\000\040\000A\000d\000d\000r\000e\000s\000s\000:\000\040\0005\0002\000.\0002\0001\0003\000.\0001\0009\0002\000.\0002\0004\0003}{section.10}% 74
\BOOKMARK [2][-]{subsection.10.65}{\376\377\000I\000P\000\040\000A\000d\000d\000r\000e\000s\000s\000:\000\040\0005\0004\000.\0002\0002\0000\000.\0001\0001\0006\000.\0001\0009\0002}{section.10}% 75
\BOOKMARK [2][-]{subsection.10.66}{\376\377\000I\000P\000\040\000A\000d\000d\000r\000e\000s\000s\000:\000\040\0005\0002\000.\0003\0001\000.\0001\0003\0007\000.\0001\0000\0003}{section.10}% 76
\BOOKMARK [2][-]{subsection.10.67}{\376\377\000I\000P\000\040\000A\000d\000d\000r\000e\000s\000s\000:\000\040\0009\0009\000.\0008\0001\000.\0001\0009\0005\000.\0001\0007\0003}{section.10}% 77
\BOOKMARK [2][-]{subsection.10.68}{\376\377\000I\000P\000\040\000A\000d\000d\000r\000e\000s\000s\000:\000\040\0005\0002\000.\0002\0001\0005\000.\0002\0007\000.\0004\0004}{section.10}% 78
\BOOKMARK [2][-]{subsection.10.69}{\376\377\000I\000P\000\040\000A\000d\000d\000r\000e\000s\000s\000:\000\040\0001\0005\0001\000.\0000\000.\0001\0008\0005\000.\0004\0009}{section.10}% 79
\BOOKMARK [2][-]{subsection.10.70}{\376\377\000I\000P\000\040\000A\000d\000d\000r\000e\000s\000s\000:\000\040\0001\0000\0009\000.\0001\0006\0008\000.\0001\0001\0005\000.\0001\0002\0005}{section.10}% 80
\BOOKMARK [2][-]{subsection.10.71}{\376\377\000I\000P\000\040\000A\000d\000d\000r\000e\000s\000s\000:\000\040\0005\0004\000.\0007\0008\000.\0001\0001\0006\000.\0001\0003\0000}{section.10}% 81
\BOOKMARK [2][-]{subsection.10.72}{\376\377\000I\000P\000\040\000A\000d\000d\000r\000e\000s\000s\000:\000\040\0003\000.\0001\0002\0007\000.\0001\0000\0003\000.\0008\0006}{section.10}% 82
\BOOKMARK [2][-]{subsection.10.73}{\376\377\000I\000P\000\040\000A\000d\000d\000r\000e\000s\000s\000:\000\040\0001\0006\0005\000.\0002\0002\000.\0002\0000\000.\0001\0009}{section.10}% 83
