\BOOKMARK [1][-]{section.1}{\376\377\000S\000u\000m\000m\000a\000r\000y\000\040\000o\000f\000\040\000F\000i\000n\000d\000i\000n\000g\000s}{}% 1
\BOOKMARK [1][-]{section.2}{\376\377\000I\000P\000\040\000A\000d\000d\000r\000e\000s\000s\000e\000s\000\040\000f\000o\000u\000n\000d}{}% 2
\BOOKMARK [1][-]{section.3}{\376\377\000D\000o\000m\000a\000i\000n\000\040\000f\000o\000u\000n\000d}{}% 3
\BOOKMARK [1][-]{section.4}{\376\377\000U\000R\000L\000s\000\040\000f\000o\000u\000n\000d}{}% 4
\BOOKMARK [1][-]{section.5}{\376\377\000D\000o\000m\000a\000i\000n\000\040\000R\000e\000l\000a\000t\000e\000d\000\040\000t\000o\000\040\000U\000R\000L\000s\000\040\000F\000o\000u\000n\000d}{}% 5
\BOOKMARK [1][-]{section.6}{\376\377\000E\000m\000a\000i\000l\000s\000\040\000f\000o\000u\000n\000d}{}% 6
\BOOKMARK [1][-]{section.7}{\376\377\000R\000e\000s\000o\000l\000v\000e\000d\000\040\000H\000o\000s\000t\000s}{}% 7
\BOOKMARK [1][-]{section.8}{\376\377\000S\000e\000r\000v\000e\000r\000\040\000M\000a\000i\000l\000\040\000f\000o\000u\000n\000d}{}% 8
\BOOKMARK [1][-]{section.9}{\376\377\000P\000i\000e\000\040\000C\000h\000a\000r\000t\000\040\000o\000f\000\040\000V\000u\000l\000n\000e\000r\000a\000b\000i\000l\000i\000t\000i\000e\000s}{}% 9
\BOOKMARK [1][-]{section.10}{\376\377\000V\000u\000l\000n\000e\000r\000a\000b\000i\000l\000i\000t\000y\000\040\000S\000u\000m\000m\000a\000r\000y\000\040\000p\000e\000r\000\040\000I\000P}{}% 10
\BOOKMARK [1][-]{section.11}{\376\377\000S\000h\000o\000d\000a\000n\000\040\000R\000e\000s\000u\000l\000t\000s\000\040\000f\000o\000r\000\040\000I\000P\000\040\000A\000d\000d\000r\000e\000s\000s\000e\000s}{}% 11
\BOOKMARK [2][-]{subsection.11.1}{\376\377\000I\000P\000\040\000A\000d\000d\000r\000e\000s\000s\000:\000\040\0001\0000\0009\000.\0001\0006\0008\000.\0002\0002\000.\0008\0005}{section.11}% 12
\BOOKMARK [2][-]{subsection.11.2}{\376\377\000I\000P\000\040\000A\000d\000d\000r\000e\000s\000s\000:\000\040\0005\0004\000.\0007\0006\000.\0009\0005\000.\0007\0000}{section.11}% 13
\BOOKMARK [2][-]{subsection.11.3}{\376\377\000I\000P\000\040\000A\000d\000d\000r\000e\000s\000s\000:\000\040\0002\0001\0002\000.\0003\0005\000.\0002\0001\0006\000.\0001\0002\0006}{section.11}% 14
\BOOKMARK [2][-]{subsection.11.4}{\376\377\000I\000P\000\040\000A\000d\000d\000r\000e\000s\000s\000:\000\040\0001\0000\0009\000.\0001\0006\0008\000.\0002\0002\000.\0008\0006}{section.11}% 15
\BOOKMARK [2][-]{subsection.11.5}{\376\377\000I\000P\000\040\000A\000d\000d\000r\000e\000s\000s\000:\000\040\0006\0002\000.\0009\0004\000.\0001\0003\0007\000.\0001\0008\0002}{section.11}% 16
\BOOKMARK [2][-]{subsection.11.6}{\376\377\000I\000P\000\040\000A\000d\000d\000r\000e\000s\000s\000:\000\040\0003\000.\0001\0002\0006\000.\0002\0003\0003\000.\0002\0003\0005}{section.11}% 17
\BOOKMARK [2][-]{subsection.11.7}{\376\377\000I\000P\000\040\000A\000d\000d\000r\000e\000s\000s\000:\000\040\0009\0003\000.\0001\0008\0006\000.\0002\0004\0002\000.\0002\0004\0001}{section.11}% 18
\BOOKMARK [2][-]{subsection.11.8}{\376\377\000I\000P\000\040\000A\000d\000d\000r\000e\000s\000s\000:\000\040\0003\000.\0001\0002\0005\000.\0007\0007\000.\0002\0002\0005}{section.11}% 19
\BOOKMARK [2][-]{subsection.11.9}{\376\377\000I\000P\000\040\000A\000d\000d\000r\000e\000s\000s\000:\000\040\0001\0005\0001\000.\0001\0000\0001\000.\0006\0005\000.\0001\0009\0005}{section.11}% 20
\BOOKMARK [2][-]{subsection.11.10}{\376\377\000I\000P\000\040\000A\000d\000d\000r\000e\000s\000s\000:\000\040\0003\0007\000.\0007\0002\000.\0003\0002\000.\0002\0005\0005}{section.11}% 21
\BOOKMARK [2][-]{subsection.11.11}{\376\377\000I\000P\000\040\000A\000d\000d\000r\000e\000s\000s\000:\000\040\0005\0004\000.\0001\0009\0002\000.\0007\0006\000.\0002\0004}{section.11}% 22
\BOOKMARK [2][-]{subsection.11.12}{\376\377\000I\000P\000\040\000A\000d\000d\000r\000e\000s\000s\000:\000\040\0001\0008\000.\0002\0000\0002\000.\0009\0002\000.\0006\0008}{section.11}% 23
\BOOKMARK [2][-]{subsection.11.13}{\376\377\000I\000P\000\040\000A\000d\000d\000r\000e\000s\000s\000:\000\040\0001\0005\0001\000.\0002\0002\000.\0003\0008\000.\0001\0003}{section.11}% 24
\BOOKMARK [2][-]{subsection.11.14}{\376\377\000I\000P\000\040\000A\000d\000d\000r\000e\000s\000s\000:\000\040\0001\0005\0006\000.\0005\0004\000.\0001\0004\0008\000.\0006\0002}{section.11}% 25
\BOOKMARK [2][-]{subsection.11.15}{\376\377\000I\000P\000\040\000A\000d\000d\000r\000e\000s\000s\000:\000\040\0003\0007\000.\0007\0002\000.\0003\0002\000.\0002\0002\0002}{section.11}% 26
\BOOKMARK [2][-]{subsection.11.16}{\376\377\000I\000P\000\040\000A\000d\000d\000r\000e\000s\000s\000:\000\040\0005\0002\000.\0009\0008\000.\0002\0004\0002\000.\0002\0003\0002}{section.11}% 27
\BOOKMARK [2][-]{subsection.11.17}{\376\377\000I\000P\000\040\000A\000d\000d\000r\000e\000s\000s\000:\000\040\0003\000.\0006\0004\000.\0007\0008\000.\0001\0006\0007}{section.11}% 28
\BOOKMARK [2][-]{subsection.11.18}{\376\377\000I\000P\000\040\000A\000d\000d\000r\000e\000s\000s\000:\000\040\0005\0002\000.\0002\0001\0001\000.\0001\0002\0004\000.\0002\0003\0004}{section.11}% 29
\BOOKMARK [2][-]{subsection.11.19}{\376\377\000I\000P\000\040\000A\000d\000d\000r\000e\000s\000s\000:\000\040\0001\0005\0001\000.\0001\0000\0001\000.\0001\000.\0001\0009\0005}{section.11}% 30
\BOOKMARK [2][-]{subsection.11.20}{\376\377\000I\000P\000\040\000A\000d\000d\000r\000e\000s\000s\000:\000\040\0005\0001\000.\0001\0007\0008\000.\0001\0003\000.\0002\0003\0009}{section.11}% 31
\BOOKMARK [2][-]{subsection.11.21}{\376\377\000I\000P\000\040\000A\000d\000d\000r\000e\000s\000s\000:\000\040\0003\000.\0001\0002\0000\000.\0002\0001\0009\000.\0003\0005}{section.11}% 32
\BOOKMARK [2][-]{subsection.11.22}{\376\377\000I\000P\000\040\000A\000d\000d\000r\000e\000s\000s\000:\000\040\0004\0006\000.\0002\0008\000.\0002\000.\0001\0008\0003}{section.11}% 33
\BOOKMARK [2][-]{subsection.11.23}{\376\377\000I\000P\000\040\000A\000d\000d\000r\000e\000s\000s\000:\000\040\0008\0009\000.\0001\0009\0007\000.\0007\0003\000.\0002\0000}{section.11}% 34
\BOOKMARK [2][-]{subsection.11.24}{\376\377\000I\000P\000\040\000A\000d\000d\000r\000e\000s\000s\000:\000\040\0003\0007\000.\0007\0002\000.\0003\0002\000.\0002\0004\0004}{section.11}% 35
\BOOKMARK [2][-]{subsection.11.25}{\376\377\000I\000P\000\040\000A\000d\000d\000r\000e\000s\000s\000:\000\040\0001\0005\0001\000.\0002\0002\000.\0003\0009\000.\0001\0002\0002}{section.11}% 36
\BOOKMARK [2][-]{subsection.11.26}{\376\377\000I\000P\000\040\000A\000d\000d\000r\000e\000s\000s\000:\000\040\0001\0005\0001\000.\0002\0002\000.\0003\0008\000.\0001\0003\0003}{section.11}% 37
\BOOKMARK [2][-]{subsection.11.27}{\376\377\000I\000P\000\040\000A\000d\000d\000r\000e\000s\000s\000:\000\040\0001\0005\0001\000.\0002\0002\000.\0003\0008\000.\0001\0004}{section.11}% 38
\BOOKMARK [2][-]{subsection.11.28}{\376\377\000I\000P\000\040\000A\000d\000d\000r\000e\000s\000s\000:\000\040\0006\0002\000.\0009\0004\000.\0001\0003\0007\000.\0002\0000\0006}{section.11}% 39
\BOOKMARK [2][-]{subsection.11.29}{\376\377\000I\000P\000\040\000A\000d\000d\000r\000e\000s\000s\000:\000\040\0006\0002\000.\0009\0004\000.\0001\0003\0007\000.\0002\0000\0001}{section.11}% 40
\BOOKMARK [2][-]{subsection.11.30}{\376\377\000I\000P\000\040\000A\000d\000d\000r\000e\000s\000s\000:\000\040\0003\0005\000.\0001\0005\0006\000.\0001\0008\0001\000.\0008\0009}{section.11}% 41
\BOOKMARK [2][-]{subsection.11.31}{\376\377\000I\000P\000\040\000A\000d\000d\000r\000e\000s\000s\000:\000\040\0002\0001\0003\000.\0002\0001\0007\000.\0002\0009\000.\0008\0005}{section.11}% 42
\BOOKMARK [2][-]{subsection.11.32}{\376\377\000I\000P\000\040\000A\000d\000d\000r\000e\000s\000s\000:\000\040\0009\0004\000.\0001\0002\0004\000.\0006\0009\000.\0006\0007}{section.11}% 43
\BOOKMARK [2][-]{subsection.11.33}{\376\377\000I\000P\000\040\000A\000d\000d\000r\000e\000s\000s\000:\000\040\0005\0002\000.\0005\0000\000.\0002\0003\000.\0002\0005}{section.11}% 44
\BOOKMARK [2][-]{subsection.11.34}{\376\377\000I\000P\000\040\000A\000d\000d\000r\000e\000s\000s\000:\000\040\0001\0008\0005\000.\0009\0001\000.\0007\0001\000.\0001\0001\0008}{section.11}% 45
